2024-10-27 11:07:33,170 [INFO] Using hosts file to resolve HITS hiplib/config/hosts
2024-10-27 11:07:33,170 [INFO] Importing hosts file
2024-10-27 11:07:33,170 [INFO] 2001:0021:e1dd:fc6a:83ee:5648:830c:5681 192.168.3.1

2024-10-27 11:07:33,170 [INFO] 2001:0021:6d6f:e8ec:7dce:bd01:a6d2:239e 192.168.3.2

2024-10-27 11:07:33,170 [INFO] 2001:0021:b700:c845:6c5f:46bb:be58:2388 192.168.3.3

2024-10-27 11:07:33,170 [INFO] 2001:0021:77aa:b34f:657b:a4b2:ea6f:7537 192.168.3.4

2024-10-27 11:07:33,170 [INFO] Loading public key and constructing HIT
2024-10-27 11:07:33,185 [INFO] Starting the HIPv2
2024-10-27 11:07:33,185 [INFO] Starting the HIPv2
2024-10-27 11:07:33,185 [DEBUG] ...Periodic cleaning task...
2024-10-27 11:07:33,185 [DEBUG] Opening /dev/net/tun...
2024-10-27 11:07:33,185 [DEBUG] Opening TUN tunnel 'r5-tun1'...
2024-10-27 11:07:33,186 [INFO] Tunnel 'b'r5-tun1'' opened.
2024-10-27 11:07:34,187 [DEBUG] ...Periodic cleaning task...
2024-10-27 11:07:35,193 [DEBUG] ...Periodic cleaning task...
2024-10-27 11:07:36,199 [DEBUG] ...Periodic cleaning task...
2024-10-27 11:07:37,202 [DEBUG] ...Periodic cleaning task...
2024-10-27 11:07:38,209 [DEBUG] ...Periodic cleaning task...
2024-10-27 11:07:39,215 [DEBUG] ...Periodic cleaning task...
2024-10-27 11:07:40,220 [DEBUG] ...Periodic cleaning task...
2024-10-27 11:07:41,222 [DEBUG] ...Periodic cleaning task...
2024-10-27 11:07:42,225 [DEBUG] ...Periodic cleaning task...
2024-10-27 11:07:43,230 [DEBUG] ...Periodic cleaning task...
2024-10-27 11:07:44,237 [DEBUG] ...Periodic cleaning task...
2024-10-27 11:07:45,240 [DEBUG] ...Periodic cleaning task...
2024-10-27 11:07:46,244 [DEBUG] ...Periodic cleaning task...
2024-10-27 11:07:47,244 [DEBUG] ...Periodic cleaning task...
2024-10-27 11:07:48,248 [DEBUG] ...Periodic cleaning task...
2024-10-27 11:07:49,251 [DEBUG] ...Periodic cleaning task...
2024-10-27 11:07:50,254 [DEBUG] ...Periodic cleaning task...
2024-10-27 11:07:51,259 [DEBUG] ...Periodic cleaning task...
2024-10-27 11:07:52,264 [DEBUG] ...Periodic cleaning task...
2024-10-27 11:07:53,267 [DEBUG] ...Periodic cleaning task...
2024-10-27 11:07:54,269 [DEBUG] ...Periodic cleaning task...
2024-10-27 11:07:55,271 [DEBUG] ...Periodic cleaning task...
2024-10-27 11:07:56,278 [DEBUG] ...Periodic cleaning task...
2024-10-27 11:07:57,282 [DEBUG] ...Periodic cleaning task...
2024-10-27 11:07:58,289 [DEBUG] ...Periodic cleaning task...
2024-10-27 11:07:59,291 [DEBUG] ...Periodic cleaning task...
2024-10-27 11:08:00,297 [DEBUG] ...Periodic cleaning task...
2024-10-27 11:08:01,301 [DEBUG] ...Periodic cleaning task...
2024-10-27 11:08:02,307 [DEBUG] ...Periodic cleaning task...
2024-10-27 11:08:03,310 [DEBUG] ...Periodic cleaning task...
2024-10-27 11:08:04,313 [DEBUG] ...Periodic cleaning task...
2024-10-27 11:08:05,316 [DEBUG] ...Periodic cleaning task...
2024-10-27 11:08:06,322 [DEBUG] ...Periodic cleaning task...
2024-10-27 11:08:07,328 [DEBUG] ...Periodic cleaning task...
2024-10-27 11:08:08,335 [DEBUG] ...Periodic cleaning task...
2024-10-27 11:08:09,341 [DEBUG] ...Periodic cleaning task...
2024-10-27 11:08:10,347 [DEBUG] ...Periodic cleaning task...
2024-10-27 11:08:11,354 [DEBUG] ...Periodic cleaning task...
2024-10-27 11:08:12,361 [DEBUG] ...Periodic cleaning task...
2024-10-27 11:08:13,367 [DEBUG] ...Periodic cleaning task...
2024-10-27 11:08:14,374 [DEBUG] ...Periodic cleaning task...
2024-10-27 11:08:15,378 [DEBUG] ...Periodic cleaning task...
2024-10-27 11:08:16,380 [DEBUG] ...Periodic cleaning task...
2024-10-27 11:08:17,384 [DEBUG] ...Periodic cleaning task...
2024-10-27 11:08:18,391 [DEBUG] ...Periodic cleaning task...
2024-10-27 11:08:19,397 [DEBUG] ...Periodic cleaning task...
2024-10-27 11:08:20,401 [DEBUG] ...Periodic cleaning task...
2024-10-27 11:08:21,408 [DEBUG] ...Periodic cleaning task...
2024-10-27 11:08:22,412 [DEBUG] ...Periodic cleaning task...
2024-10-27 11:08:23,417 [DEBUG] ...Periodic cleaning task...
2024-10-27 11:08:24,423 [DEBUG] ...Periodic cleaning task...
2024-10-27 11:08:25,425 [DEBUG] ...Periodic cleaning task...
2024-10-27 11:08:26,432 [DEBUG] ...Periodic cleaning task...
2024-10-27 11:08:27,439 [DEBUG] ...Periodic cleaning task...
2024-10-27 11:08:28,445 [DEBUG] ...Periodic cleaning task...
2024-10-27 11:08:29,447 [DEBUG] ...Periodic cleaning task...
2024-10-27 11:08:30,449 [DEBUG] ...Periodic cleaning task...
2024-10-27 11:08:31,456 [DEBUG] ...Periodic cleaning task...
2024-10-27 11:08:32,459 [DEBUG] ...Periodic cleaning task...
2024-10-27 11:08:33,461 [DEBUG] ...Periodic cleaning task...
2024-10-27 11:08:34,467 [DEBUG] ...Periodic cleaning task...
2024-10-27 11:08:35,468 [DEBUG] ...Periodic cleaning task...
2024-10-27 11:08:36,475 [DEBUG] ...Periodic cleaning task...
2024-10-27 11:08:37,479 [DEBUG] ...Periodic cleaning task...
2024-10-27 11:08:38,482 [DEBUG] ...Periodic cleaning task...
2024-10-27 11:08:39,484 [DEBUG] ...Periodic cleaning task...
2024-10-27 11:08:40,491 [DEBUG] ...Periodic cleaning task...
2024-10-27 11:08:41,497 [DEBUG] ...Periodic cleaning task...
2024-10-27 11:08:42,502 [DEBUG] ...Periodic cleaning task...
2024-10-27 11:08:43,503 [DEBUG] ...Periodic cleaning task...
2024-10-27 11:08:44,507 [DEBUG] ...Periodic cleaning task...
2024-10-27 11:08:45,514 [DEBUG] ...Periodic cleaning task...
2024-10-27 11:08:46,521 [DEBUG] ...Periodic cleaning task...
2024-10-27 11:08:47,527 [DEBUG] ...Periodic cleaning task...
2024-10-27 11:08:48,531 [DEBUG] ...Periodic cleaning task...
2024-10-27 11:08:49,533 [DEBUG] ...Periodic cleaning task...
2024-10-27 11:08:50,536 [DEBUG] ...Periodic cleaning task...
2024-10-27 11:08:51,541 [DEBUG] ...Periodic cleaning task...
2024-10-27 11:08:52,544 [DEBUG] ...Periodic cleaning task...
2024-10-27 11:08:53,550 [DEBUG] ...Periodic cleaning task...
2024-10-27 11:08:54,556 [DEBUG] ...Periodic cleaning task...
2024-10-27 11:08:55,561 [DEBUG] ...Periodic cleaning task...
2024-10-27 11:08:56,565 [DEBUG] ...Periodic cleaning task...
2024-10-27 11:08:57,569 [DEBUG] ...Periodic cleaning task...
2024-10-27 11:08:58,576 [DEBUG] ...Periodic cleaning task...
2024-10-27 11:08:59,581 [DEBUG] ...Periodic cleaning task...
2024-10-27 11:09:00,588 [DEBUG] ...Periodic cleaning task...
2024-10-27 11:09:01,595 [DEBUG] ...Periodic cleaning task...
2024-10-27 11:09:02,601 [DEBUG] ...Periodic cleaning task...
2024-10-27 11:09:03,608 [DEBUG] ...Periodic cleaning task...
2024-10-27 11:09:04,614 [DEBUG] ...Periodic cleaning task...
2024-10-27 11:09:05,617 [DEBUG] ...Periodic cleaning task...
2024-10-27 11:09:06,623 [DEBUG] ...Periodic cleaning task...
2024-10-27 11:09:07,626 [DEBUG] ...Periodic cleaning task...
2024-10-27 11:09:08,629 [DEBUG] ...Periodic cleaning task...
2024-10-27 11:09:09,633 [DEBUG] ...Periodic cleaning task...
2024-10-27 11:09:10,640 [DEBUG] ...Periodic cleaning task...
2024-10-27 11:09:11,646 [DEBUG] ...Periodic cleaning task...
2024-10-27 11:09:12,650 [DEBUG] ...Periodic cleaning task...
2024-10-27 11:09:13,656 [DEBUG] ...Periodic cleaning task...
2024-10-27 11:09:14,662 [DEBUG] ...Periodic cleaning task...
2024-10-27 11:09:15,665 [DEBUG] ...Periodic cleaning task...
2024-10-27 11:09:16,668 [DEBUG] ...Periodic cleaning task...
2024-10-27 11:09:17,674 [DEBUG] ...Periodic cleaning task...
2024-10-27 11:09:18,676 [DEBUG] ...Periodic cleaning task...
2024-10-27 11:09:19,678 [DEBUG] ...Periodic cleaning task...
2024-10-27 11:09:20,683 [DEBUG] ...Periodic cleaning task...
2024-10-27 11:09:21,686 [DEBUG] ...Periodic cleaning task...
2024-10-27 11:09:22,691 [DEBUG] ...Periodic cleaning task...
2024-10-27 11:09:23,694 [DEBUG] ...Periodic cleaning task...
2024-10-27 11:09:24,694 [DEBUG] ...Periodic cleaning task...
2024-10-27 11:09:25,700 [DEBUG] ...Periodic cleaning task...
2024-10-27 11:09:26,707 [DEBUG] ...Periodic cleaning task...
2024-10-27 11:09:27,712 [DEBUG] ...Periodic cleaning task...
2024-10-27 11:09:28,718 [DEBUG] ...Periodic cleaning task...
2024-10-27 11:09:29,725 [DEBUG] ...Periodic cleaning task...
2024-10-27 11:09:30,732 [DEBUG] ...Periodic cleaning task...
2024-10-27 11:09:31,739 [DEBUG] ...Periodic cleaning task...
2024-10-27 11:09:32,745 [DEBUG] ...Periodic cleaning task...
2024-10-27 11:09:33,747 [DEBUG] ...Periodic cleaning task...
2024-10-27 11:09:34,752 [DEBUG] ...Periodic cleaning task...
2024-10-27 11:09:35,754 [DEBUG] ...Periodic cleaning task...
2024-10-27 11:09:36,759 [DEBUG] ...Periodic cleaning task...
2024-10-27 11:09:37,762 [DEBUG] ...Periodic cleaning task...
2024-10-27 11:09:38,764 [DEBUG] ...Periodic cleaning task...
2024-10-27 11:09:39,771 [DEBUG] ...Periodic cleaning task...
2024-10-27 11:09:40,775 [DEBUG] ...Periodic cleaning task...
2024-10-27 11:09:41,777 [DEBUG] ...Periodic cleaning task...
2024-10-27 11:09:42,780 [DEBUG] ...Periodic cleaning task...
2024-10-27 11:09:43,782 [DEBUG] ...Periodic cleaning task...
2024-10-27 11:09:44,786 [DEBUG] ...Periodic cleaning task...
2024-10-27 11:09:45,790 [DEBUG] ...Periodic cleaning task...
2024-10-27 11:09:46,795 [DEBUG] ...Periodic cleaning task...
2024-10-27 11:09:47,798 [DEBUG] ...Periodic cleaning task...
2024-10-27 11:09:48,802 [DEBUG] ...Periodic cleaning task...
2024-10-27 11:09:49,805 [DEBUG] ...Periodic cleaning task...
2024-10-27 11:09:50,809 [DEBUG] ...Periodic cleaning task...
2024-10-27 11:09:51,812 [DEBUG] ...Periodic cleaning task...
2024-10-27 11:09:52,817 [DEBUG] ...Periodic cleaning task...
2024-10-27 11:09:53,821 [DEBUG] ...Periodic cleaning task...
2024-10-27 11:09:54,826 [DEBUG] ...Periodic cleaning task...
2024-10-27 11:09:55,828 [DEBUG] ...Periodic cleaning task...
2024-10-27 11:09:56,831 [DEBUG] ...Periodic cleaning task...
2024-10-27 11:09:57,835 [DEBUG] ...Periodic cleaning task...
2024-10-27 11:09:58,839 [DEBUG] ...Periodic cleaning task...
2024-10-27 11:09:59,841 [DEBUG] ...Periodic cleaning task...
2024-10-27 11:10:00,844 [DEBUG] ...Periodic cleaning task...
2024-10-27 11:10:01,845 [DEBUG] ...Periodic cleaning task...
2024-10-27 11:10:02,847 [DEBUG] ...Periodic cleaning task...
2024-10-27 11:10:03,852 [DEBUG] ...Periodic cleaning task...
2024-10-27 11:10:04,858 [DEBUG] ...Periodic cleaning task...
2024-10-27 11:10:05,860 [DEBUG] ...Periodic cleaning task...
2024-10-27 11:10:06,865 [DEBUG] ...Periodic cleaning task...
2024-10-27 11:10:07,869 [DEBUG] ...Periodic cleaning task...
2024-10-27 11:10:08,874 [DEBUG] ...Periodic cleaning task...
2024-10-27 11:10:09,881 [DEBUG] ...Periodic cleaning task...
2024-10-27 11:10:10,884 [DEBUG] ...Periodic cleaning task...
2024-10-27 11:10:11,890 [DEBUG] ...Periodic cleaning task...
2024-10-27 11:10:12,892 [DEBUG] ...Periodic cleaning task...
2024-10-27 11:10:13,899 [DEBUG] ...Periodic cleaning task...
2024-10-27 11:10:14,900 [DEBUG] ...Periodic cleaning task...
2024-10-27 11:10:15,907 [DEBUG] ...Periodic cleaning task...
2024-10-27 11:10:16,910 [DEBUG] ...Periodic cleaning task...
2024-10-27 11:10:17,913 [DEBUG] ...Periodic cleaning task...
2024-10-27 11:10:18,918 [DEBUG] ...Periodic cleaning task...
2024-10-27 11:10:19,924 [DEBUG] ...Periodic cleaning task...
2024-10-27 11:10:20,926 [DEBUG] ...Periodic cleaning task...
2024-10-27 11:10:21,931 [DEBUG] ...Periodic cleaning task...
2024-10-27 11:10:22,933 [DEBUG] ...Periodic cleaning task...
2024-10-27 11:10:23,935 [DEBUG] ...Periodic cleaning task...
2024-10-27 11:10:24,939 [DEBUG] ...Periodic cleaning task...
2024-10-27 11:10:25,943 [DEBUG] ...Periodic cleaning task...
2024-10-27 11:10:26,949 [DEBUG] ...Periodic cleaning task...
2024-10-27 11:10:27,951 [DEBUG] ...Periodic cleaning task...
2024-10-27 11:10:28,953 [DEBUG] ...Periodic cleaning task...
2024-10-27 11:10:29,960 [DEBUG] ...Periodic cleaning task...
2024-10-27 11:10:30,966 [DEBUG] ...Periodic cleaning task...
2024-10-27 11:10:31,973 [DEBUG] ...Periodic cleaning task...
2024-10-27 11:10:32,976 [DEBUG] ...Periodic cleaning task...
2024-10-27 11:10:33,981 [DEBUG] ...Periodic cleaning task...
2024-10-27 11:10:34,983 [DEBUG] ...Periodic cleaning task...
2024-10-27 11:10:35,986 [DEBUG] ...Periodic cleaning task...
2024-10-27 11:10:36,989 [DEBUG] ...Periodic cleaning task...
2024-10-27 11:10:37,995 [DEBUG] ...Periodic cleaning task...
2024-10-27 11:10:38,999 [DEBUG] ...Periodic cleaning task...
2024-10-27 11:10:40,006 [DEBUG] ...Periodic cleaning task...
2024-10-27 11:10:41,010 [DEBUG] ...Periodic cleaning task...
2024-10-27 11:10:42,012 [DEBUG] ...Periodic cleaning task...
2024-10-27 11:10:43,019 [DEBUG] ...Periodic cleaning task...
2024-10-27 11:10:44,022 [DEBUG] ...Periodic cleaning task...
2024-10-27 11:10:45,026 [DEBUG] ...Periodic cleaning task...
2024-10-27 11:10:46,030 [DEBUG] ...Periodic cleaning task...
2024-10-27 11:10:47,034 [DEBUG] ...Periodic cleaning task...
2024-10-27 11:10:48,041 [DEBUG] ...Periodic cleaning task...
2024-10-27 11:10:49,047 [DEBUG] ...Periodic cleaning task...
2024-10-27 11:10:50,050 [DEBUG] ...Periodic cleaning task...
2024-10-27 11:10:51,052 [DEBUG] ...Periodic cleaning task...
2024-10-27 11:10:52,059 [DEBUG] ...Periodic cleaning task...
2024-10-27 11:10:53,066 [DEBUG] ...Periodic cleaning task...
2024-10-27 11:10:54,071 [DEBUG] ...Periodic cleaning task...
2024-10-27 11:10:55,074 [DEBUG] ...Periodic cleaning task...
2024-10-27 11:10:56,076 [DEBUG] ...Periodic cleaning task...
2024-10-27 11:10:57,083 [DEBUG] ...Periodic cleaning task...
2024-10-27 11:10:58,090 [DEBUG] ...Periodic cleaning task...
2024-10-27 11:10:59,093 [DEBUG] ...Periodic cleaning task...
2024-10-27 11:11:00,095 [DEBUG] ...Periodic cleaning task...
2024-10-27 11:11:01,099 [DEBUG] ...Periodic cleaning task...
2024-10-27 11:11:02,101 [DEBUG] ...Periodic cleaning task...
