2024-10-27 11:07:33,174 [INFO] Using hosts file to resolve HITS hiplib/config/hosts
2024-10-27 11:07:33,174 [INFO] Importing hosts file
2024-10-27 11:07:33,174 [INFO] 2001:0021:e1dd:fc6a:83ee:5648:830c:5681 192.168.3.1

2024-10-27 11:07:33,174 [INFO] 2001:0021:6d6f:e8ec:7dce:bd01:a6d2:239e 192.168.3.2

2024-10-27 11:07:33,174 [INFO] 2001:0021:b700:c845:6c5f:46bb:be58:2388 192.168.3.3

2024-10-27 11:07:33,174 [INFO] 2001:0021:77aa:b34f:657b:a4b2:ea6f:7537 192.168.3.4

2024-10-27 11:07:33,174 [INFO] Loading public key and constructing HIT
2024-10-27 11:07:33,191 [INFO] Starting the HIPv2
2024-10-27 11:07:33,191 [INFO] Starting the HIPv2
2024-10-27 11:07:33,191 [DEBUG] ...Periodic cleaning task...
2024-10-27 11:07:33,191 [DEBUG] Opening /dev/net/tun...
2024-10-27 11:07:33,191 [DEBUG] Opening TUN tunnel 'r2-tun1'...
2024-10-27 11:07:33,192 [INFO] Tunnel 'b'r2-tun1'' opened.
2024-10-27 11:07:33,193 [DEBUG] Opening /dev/net/tun...
2024-10-27 11:07:33,193 [DEBUG] Opening TUN tunnel 'r2-tun2'...
2024-10-27 11:07:33,193 [INFO] Tunnel 'b'r2-tun2'' opened.
2024-10-27 11:07:33,194 [DEBUG] Opening /dev/net/tun...
2024-10-27 11:07:33,195 [DEBUG] Opening TUN tunnel 'r2-tun3'...
2024-10-27 11:07:33,195 [INFO] Tunnel 'b'r2-tun3'' opened.
2024-10-27 11:07:34,193 [DEBUG] ...Periodic cleaning task...
2024-10-27 11:07:35,198 [DEBUG] ...Periodic cleaning task...
2024-10-27 11:07:36,205 [DEBUG] ...Periodic cleaning task...
2024-10-27 11:07:37,207 [DEBUG] ...Periodic cleaning task...
2024-10-27 11:07:38,213 [DEBUG] ...Periodic cleaning task...
2024-10-27 11:07:39,218 [DEBUG] ...Periodic cleaning task...
2024-10-27 11:07:40,222 [DEBUG] ...Periodic cleaning task...
2024-10-27 11:07:41,228 [DEBUG] ...Periodic cleaning task...
2024-10-27 11:07:42,233 [DEBUG] ...Periodic cleaning task...
2024-10-27 11:07:43,235 [DEBUG] ...Periodic cleaning task...
2024-10-27 11:07:44,236 [DEBUG] ...Periodic cleaning task...
2024-10-27 11:07:45,238 [DEBUG] ...Periodic cleaning task...
2024-10-27 11:07:46,243 [DEBUG] ...Periodic cleaning task...
2024-10-27 11:07:47,246 [DEBUG] ...Periodic cleaning task...
2024-10-27 11:07:48,251 [DEBUG] ...Periodic cleaning task...
2024-10-27 11:07:49,253 [DEBUG] ...Periodic cleaning task...
2024-10-27 11:07:50,259 [DEBUG] ...Periodic cleaning task...
2024-10-27 11:07:51,264 [DEBUG] ...Periodic cleaning task...
2024-10-27 11:07:52,269 [DEBUG] ...Periodic cleaning task...
2024-10-27 11:07:53,272 [DEBUG] ...Periodic cleaning task...
2024-10-27 11:07:54,274 [DEBUG] ...Periodic cleaning task...
2024-10-27 11:07:55,277 [DEBUG] ...Periodic cleaning task...
2024-10-27 11:07:56,283 [DEBUG] ...Periodic cleaning task...
2024-10-27 11:07:57,289 [DEBUG] ...Periodic cleaning task...
2024-10-27 11:07:58,291 [DEBUG] ...Periodic cleaning task...
2024-10-27 11:07:59,294 [DEBUG] ...Periodic cleaning task...
2024-10-27 11:08:00,301 [DEBUG] ...Periodic cleaning task...
2024-10-27 11:08:01,307 [DEBUG] ...Periodic cleaning task...
2024-10-27 11:08:02,310 [DEBUG] ...Periodic cleaning task...
2024-10-27 11:08:03,313 [DEBUG] ...Periodic cleaning task...
2024-10-27 11:08:04,315 [DEBUG] ...Periodic cleaning task...
2024-10-27 11:08:05,317 [DEBUG] ...Periodic cleaning task...
2024-10-27 11:08:06,322 [DEBUG] ...Periodic cleaning task...
2024-10-27 11:08:07,327 [DEBUG] ...Periodic cleaning task...
2024-10-27 11:08:08,333 [DEBUG] ...Periodic cleaning task...
2024-10-27 11:08:09,336 [DEBUG] ...Periodic cleaning task...
2024-10-27 11:08:10,342 [DEBUG] ...Periodic cleaning task...
2024-10-27 11:08:11,345 [DEBUG] ...Periodic cleaning task...
2024-10-27 11:08:12,350 [DEBUG] ...Periodic cleaning task...
2024-10-27 11:08:13,357 [DEBUG] ...Periodic cleaning task...
2024-10-27 11:08:14,360 [DEBUG] ...Periodic cleaning task...
2024-10-27 11:08:15,367 [DEBUG] ...Periodic cleaning task...
2024-10-27 11:08:16,370 [DEBUG] ...Periodic cleaning task...
2024-10-27 11:08:17,374 [DEBUG] ...Periodic cleaning task...
2024-10-27 11:08:18,377 [DEBUG] ...Periodic cleaning task...
2024-10-27 11:08:19,382 [DEBUG] ...Periodic cleaning task...
2024-10-27 11:08:20,389 [DEBUG] ...Periodic cleaning task...
2024-10-27 11:08:21,392 [DEBUG] ...Periodic cleaning task...
2024-10-27 11:08:22,396 [DEBUG] ...Periodic cleaning task...
2024-10-27 11:08:23,399 [DEBUG] ...Periodic cleaning task...
2024-10-27 11:08:24,402 [DEBUG] ...Periodic cleaning task...
2024-10-27 11:08:25,409 [DEBUG] ...Periodic cleaning task...
2024-10-27 11:08:26,412 [DEBUG] ...Periodic cleaning task...
2024-10-27 11:08:27,416 [DEBUG] ...Periodic cleaning task...
2024-10-27 11:08:28,423 [DEBUG] ...Periodic cleaning task...
2024-10-27 11:08:29,425 [DEBUG] ...Periodic cleaning task...
2024-10-27 11:08:30,432 [DEBUG] ...Periodic cleaning task...
2024-10-27 11:08:31,439 [DEBUG] ...Periodic cleaning task...
2024-10-27 11:08:32,441 [DEBUG] ...Periodic cleaning task...
2024-10-27 11:08:33,443 [DEBUG] ...Periodic cleaning task...
2024-10-27 11:08:34,450 [DEBUG] ...Periodic cleaning task...
2024-10-27 11:08:35,453 [DEBUG] ...Periodic cleaning task...
2024-10-27 11:08:36,455 [DEBUG] ...Periodic cleaning task...
2024-10-27 11:08:37,460 [DEBUG] ...Periodic cleaning task...
2024-10-27 11:08:38,465 [DEBUG] ...Periodic cleaning task...
2024-10-27 11:08:39,472 [DEBUG] ...Periodic cleaning task...
2024-10-27 11:08:40,477 [DEBUG] ...Periodic cleaning task...
2024-10-27 11:08:41,478 [DEBUG] ...Periodic cleaning task...
2024-10-27 11:08:42,480 [DEBUG] ...Periodic cleaning task...
2024-10-27 11:08:43,482 [DEBUG] ...Periodic cleaning task...
2024-10-27 11:08:44,484 [DEBUG] ...Periodic cleaning task...
2024-10-27 11:08:45,487 [DEBUG] ...Periodic cleaning task...
2024-10-27 11:08:46,490 [DEBUG] ...Periodic cleaning task...
2024-10-27 11:08:47,492 [DEBUG] ...Periodic cleaning task...
2024-10-27 11:08:48,499 [DEBUG] ...Periodic cleaning task...
2024-10-27 11:08:49,501 [DEBUG] ...Periodic cleaning task...
2024-10-27 11:08:50,506 [DEBUG] ...Periodic cleaning task...
2024-10-27 11:08:51,508 [DEBUG] ...Periodic cleaning task...
2024-10-27 11:08:52,509 [DEBUG] ...Periodic cleaning task...
2024-10-27 11:08:53,511 [DEBUG] ...Periodic cleaning task...
2024-10-27 11:08:54,515 [DEBUG] ...Periodic cleaning task...
2024-10-27 11:08:55,518 [DEBUG] ...Periodic cleaning task...
2024-10-27 11:08:56,524 [DEBUG] ...Periodic cleaning task...
2024-10-27 11:08:57,531 [DEBUG] ...Periodic cleaning task...
2024-10-27 11:08:58,538 [DEBUG] ...Periodic cleaning task...
2024-10-27 11:08:59,540 [DEBUG] ...Periodic cleaning task...
2024-10-27 11:09:00,547 [DEBUG] ...Periodic cleaning task...
2024-10-27 11:09:01,549 [DEBUG] ...Periodic cleaning task...
2024-10-27 11:09:02,556 [DEBUG] ...Periodic cleaning task...
2024-10-27 11:09:03,558 [DEBUG] ...Periodic cleaning task...
2024-10-27 11:09:04,561 [DEBUG] ...Periodic cleaning task...
2024-10-27 11:09:05,563 [DEBUG] ...Periodic cleaning task...
2024-10-27 11:09:06,566 [DEBUG] ...Periodic cleaning task...
2024-10-27 11:09:07,573 [DEBUG] ...Periodic cleaning task...
2024-10-27 11:09:08,576 [DEBUG] ...Periodic cleaning task...
2024-10-27 11:09:09,578 [DEBUG] ...Periodic cleaning task...
2024-10-27 11:09:10,582 [DEBUG] ...Periodic cleaning task...
2024-10-27 11:09:11,585 [DEBUG] ...Periodic cleaning task...
2024-10-27 11:09:12,587 [DEBUG] ...Periodic cleaning task...
2024-10-27 11:09:13,588 [DEBUG] ...Periodic cleaning task...
2024-10-27 11:09:14,595 [DEBUG] ...Periodic cleaning task...
2024-10-27 11:09:15,600 [DEBUG] ...Periodic cleaning task...
2024-10-27 11:09:16,602 [DEBUG] ...Periodic cleaning task...
2024-10-27 11:09:17,609 [DEBUG] ...Periodic cleaning task...
2024-10-27 11:09:18,614 [DEBUG] ...Periodic cleaning task...
2024-10-27 11:09:19,621 [DEBUG] ...Periodic cleaning task...
2024-10-27 11:09:20,627 [DEBUG] ...Periodic cleaning task...
2024-10-27 11:09:21,633 [DEBUG] ...Periodic cleaning task...
2024-10-27 11:09:22,637 [DEBUG] ...Periodic cleaning task...
2024-10-27 11:09:23,640 [DEBUG] ...Periodic cleaning task...
2024-10-27 11:09:24,642 [DEBUG] ...Periodic cleaning task...
2024-10-27 11:09:25,646 [DEBUG] ...Periodic cleaning task...
2024-10-27 11:09:26,653 [DEBUG] ...Periodic cleaning task...
2024-10-27 11:09:27,658 [DEBUG] ...Periodic cleaning task...
2024-10-27 11:09:28,660 [DEBUG] ...Periodic cleaning task...
2024-10-27 11:09:29,667 [DEBUG] ...Periodic cleaning task...
2024-10-27 11:09:30,669 [DEBUG] ...Periodic cleaning task...
2024-10-27 11:09:31,673 [DEBUG] ...Periodic cleaning task...
2024-10-27 11:09:32,678 [DEBUG] ...Periodic cleaning task...
2024-10-27 11:09:33,681 [DEBUG] ...Periodic cleaning task...
2024-10-27 11:09:34,683 [DEBUG] ...Periodic cleaning task...
2024-10-27 11:09:35,690 [DEBUG] ...Periodic cleaning task...
2024-10-27 11:09:36,694 [DEBUG] ...Periodic cleaning task...
2024-10-27 11:09:37,699 [DEBUG] ...Periodic cleaning task...
2024-10-27 11:09:38,707 [DEBUG] ...Periodic cleaning task...
2024-10-27 11:09:39,709 [DEBUG] ...Periodic cleaning task...
2024-10-27 11:09:40,711 [DEBUG] ...Periodic cleaning task...
2024-10-27 11:09:41,715 [DEBUG] ...Periodic cleaning task...
2024-10-27 11:09:42,718 [DEBUG] ...Periodic cleaning task...
2024-10-27 11:09:43,722 [DEBUG] ...Periodic cleaning task...
2024-10-27 11:09:44,724 [DEBUG] ...Periodic cleaning task...
2024-10-27 11:09:45,731 [DEBUG] ...Periodic cleaning task...
2024-10-27 11:09:46,732 [DEBUG] ...Periodic cleaning task...
2024-10-27 11:09:47,735 [DEBUG] ...Periodic cleaning task...
2024-10-27 11:09:48,737 [DEBUG] ...Periodic cleaning task...
2024-10-27 11:09:49,742 [DEBUG] ...Periodic cleaning task...
2024-10-27 11:09:50,746 [DEBUG] ...Periodic cleaning task...
2024-10-27 11:09:51,750 [DEBUG] ...Periodic cleaning task...
2024-10-27 11:09:52,752 [DEBUG] ...Periodic cleaning task...
2024-10-27 11:09:53,759 [DEBUG] ...Periodic cleaning task...
2024-10-27 11:09:54,761 [DEBUG] ...Periodic cleaning task...
2024-10-27 11:09:55,768 [DEBUG] ...Periodic cleaning task...
2024-10-27 11:09:56,771 [DEBUG] ...Periodic cleaning task...
2024-10-27 11:09:57,774 [DEBUG] ...Periodic cleaning task...
2024-10-27 11:09:58,777 [DEBUG] ...Periodic cleaning task...
2024-10-27 11:09:59,783 [DEBUG] ...Periodic cleaning task...
2024-10-27 11:10:00,786 [DEBUG] ...Periodic cleaning task...
2024-10-27 11:10:01,792 [DEBUG] ...Periodic cleaning task...
2024-10-27 11:10:02,796 [DEBUG] ...Periodic cleaning task...
2024-10-27 11:10:03,801 [DEBUG] ...Periodic cleaning task...
2024-10-27 11:10:04,804 [DEBUG] ...Periodic cleaning task...
2024-10-27 11:10:05,811 [DEBUG] ...Periodic cleaning task...
2024-10-27 11:10:06,817 [DEBUG] ...Periodic cleaning task...
2024-10-27 11:10:07,820 [DEBUG] ...Periodic cleaning task...
2024-10-27 11:10:08,826 [DEBUG] ...Periodic cleaning task...
2024-10-27 11:10:09,830 [DEBUG] ...Periodic cleaning task...
2024-10-27 11:10:10,835 [DEBUG] ...Periodic cleaning task...
2024-10-27 11:10:11,842 [DEBUG] ...Periodic cleaning task...
2024-10-27 11:10:12,847 [DEBUG] ...Periodic cleaning task...
2024-10-27 11:10:13,851 [DEBUG] ...Periodic cleaning task...
2024-10-27 11:10:14,855 [DEBUG] ...Periodic cleaning task...
2024-10-27 11:10:15,858 [DEBUG] ...Periodic cleaning task...
2024-10-27 11:10:16,862 [DEBUG] ...Periodic cleaning task...
2024-10-27 11:10:17,866 [DEBUG] ...Periodic cleaning task...
2024-10-27 11:10:18,871 [DEBUG] ...Periodic cleaning task...
2024-10-27 11:10:19,878 [DEBUG] ...Periodic cleaning task...
2024-10-27 11:10:20,884 [DEBUG] ...Periodic cleaning task...
2024-10-27 11:10:21,891 [DEBUG] ...Periodic cleaning task...
2024-10-27 11:10:22,893 [DEBUG] ...Periodic cleaning task...
2024-10-27 11:10:23,896 [DEBUG] ...Periodic cleaning task...
2024-10-27 11:10:24,900 [DEBUG] ...Periodic cleaning task...
2024-10-27 11:10:25,907 [DEBUG] ...Periodic cleaning task...
2024-10-27 11:10:26,914 [DEBUG] ...Periodic cleaning task...
2024-10-27 11:10:27,917 [DEBUG] ...Periodic cleaning task...
2024-10-27 11:10:28,922 [DEBUG] ...Periodic cleaning task...
2024-10-27 11:10:29,929 [DEBUG] ...Periodic cleaning task...
2024-10-27 11:10:30,933 [DEBUG] ...Periodic cleaning task...
2024-10-27 11:10:31,935 [DEBUG] ...Periodic cleaning task...
2024-10-27 11:10:32,939 [DEBUG] ...Periodic cleaning task...
2024-10-27 11:10:33,946 [DEBUG] ...Periodic cleaning task...
2024-10-27 11:10:34,952 [DEBUG] ...Periodic cleaning task...
2024-10-27 11:10:35,954 [DEBUG] ...Periodic cleaning task...
2024-10-27 11:10:36,957 [DEBUG] ...Periodic cleaning task...
2024-10-27 11:10:37,961 [DEBUG] ...Periodic cleaning task...
2024-10-27 11:10:38,964 [DEBUG] ...Periodic cleaning task...
2024-10-27 11:10:39,971 [DEBUG] ...Periodic cleaning task...
2024-10-27 11:10:40,973 [DEBUG] ...Periodic cleaning task...
2024-10-27 11:10:41,976 [DEBUG] ...Periodic cleaning task...
2024-10-27 11:10:42,983 [DEBUG] ...Periodic cleaning task...
2024-10-27 11:10:43,985 [DEBUG] ...Periodic cleaning task...
2024-10-27 11:10:44,992 [DEBUG] ...Periodic cleaning task...
2024-10-27 11:10:45,993 [DEBUG] ...Periodic cleaning task...
2024-10-27 11:10:46,999 [DEBUG] ...Periodic cleaning task...
2024-10-27 11:10:48,001 [DEBUG] ...Periodic cleaning task...
2024-10-27 11:10:49,008 [DEBUG] ...Periodic cleaning task...
2024-10-27 11:10:50,010 [DEBUG] ...Periodic cleaning task...
2024-10-27 11:10:51,012 [DEBUG] ...Periodic cleaning task...
2024-10-27 11:10:52,017 [DEBUG] ...Periodic cleaning task...
2024-10-27 11:10:53,020 [DEBUG] ...Periodic cleaning task...
2024-10-27 11:10:54,025 [DEBUG] ...Periodic cleaning task...
2024-10-27 11:10:55,032 [DEBUG] ...Periodic cleaning task...
2024-10-27 11:10:56,039 [DEBUG] ...Periodic cleaning task...
2024-10-27 11:10:57,041 [DEBUG] ...Periodic cleaning task...
2024-10-27 11:10:58,044 [DEBUG] ...Periodic cleaning task...
2024-10-27 11:10:59,046 [DEBUG] ...Periodic cleaning task...
2024-10-27 11:11:00,050 [DEBUG] ...Periodic cleaning task...
2024-10-27 11:11:01,053 [DEBUG] ...Periodic cleaning task...
2024-10-27 11:11:02,054 [DEBUG] ...Periodic cleaning task...
