2024-10-27 11:07:33,177 [INFO] Using hosts file to resolve HITS hiplib/config/hosts
2024-10-27 11:07:33,177 [INFO] Importing hosts file
2024-10-27 11:07:33,177 [INFO] 2001:0021:e1dd:fc6a:83ee:5648:830c:5681 192.168.3.1

2024-10-27 11:07:33,177 [INFO] 2001:0021:6d6f:e8ec:7dce:bd01:a6d2:239e 192.168.3.2

2024-10-27 11:07:33,177 [INFO] 2001:0021:b700:c845:6c5f:46bb:be58:2388 192.168.3.3

2024-10-27 11:07:33,177 [INFO] 2001:0021:77aa:b34f:657b:a4b2:ea6f:7537 192.168.3.4

2024-10-27 11:07:33,177 [INFO] Loading public key and constructing HIT
2024-10-27 11:07:33,192 [INFO] Starting the HIPv2
2024-10-27 11:07:33,192 [INFO] Starting the HIPv2
2024-10-27 11:07:33,192 [DEBUG] ...Periodic cleaning task...
2024-10-27 11:07:33,192 [DEBUG] Opening /dev/net/tun...
2024-10-27 11:07:33,192 [DEBUG] Opening TUN tunnel 'r3-tun1'...
2024-10-27 11:07:33,193 [INFO] Tunnel 'b'r3-tun1'' opened.
2024-10-27 11:07:33,194 [DEBUG] Opening /dev/net/tun...
2024-10-27 11:07:33,194 [DEBUG] Opening TUN tunnel 'r3-tun2'...
2024-10-27 11:07:33,194 [INFO] Tunnel 'b'r3-tun2'' opened.
2024-10-27 11:07:33,195 [DEBUG] Opening /dev/net/tun...
2024-10-27 11:07:33,195 [DEBUG] Opening TUN tunnel 'r3-tun3'...
2024-10-27 11:07:33,195 [INFO] Tunnel 'b'r3-tun3'' opened.
2024-10-27 11:07:34,193 [DEBUG] ...Periodic cleaning task...
2024-10-27 11:07:35,195 [DEBUG] ...Periodic cleaning task...
2024-10-27 11:07:36,198 [DEBUG] ...Periodic cleaning task...
2024-10-27 11:07:37,205 [DEBUG] ...Periodic cleaning task...
2024-10-27 11:07:38,209 [DEBUG] ...Periodic cleaning task...
2024-10-27 11:07:39,215 [DEBUG] ...Periodic cleaning task...
2024-10-27 11:07:40,222 [DEBUG] ...Periodic cleaning task...
2024-10-27 11:07:41,225 [DEBUG] ...Periodic cleaning task...
2024-10-27 11:07:42,227 [DEBUG] ...Periodic cleaning task...
2024-10-27 11:07:43,228 [DEBUG] ...Periodic cleaning task...
2024-10-27 11:07:44,229 [DEBUG] ...Periodic cleaning task...
2024-10-27 11:07:45,235 [DEBUG] ...Periodic cleaning task...
2024-10-27 11:07:46,241 [DEBUG] ...Periodic cleaning task...
2024-10-27 11:07:47,242 [DEBUG] ...Periodic cleaning task...
2024-10-27 11:07:48,246 [DEBUG] ...Periodic cleaning task...
2024-10-27 11:07:49,250 [DEBUG] ...Periodic cleaning task...
2024-10-27 11:07:50,254 [DEBUG] ...Periodic cleaning task...
2024-10-27 11:07:51,259 [DEBUG] ...Periodic cleaning task...
2024-10-27 11:07:52,266 [DEBUG] ...Periodic cleaning task...
2024-10-27 11:07:53,269 [DEBUG] ...Periodic cleaning task...
2024-10-27 11:07:54,274 [DEBUG] ...Periodic cleaning task...
2024-10-27 11:07:55,277 [DEBUG] ...Periodic cleaning task...
2024-10-27 11:07:56,283 [DEBUG] ...Periodic cleaning task...
2024-10-27 11:07:57,289 [DEBUG] ...Periodic cleaning task...
2024-10-27 11:07:58,295 [DEBUG] ...Periodic cleaning task...
2024-10-27 11:07:59,300 [DEBUG] ...Periodic cleaning task...
2024-10-27 11:08:00,306 [DEBUG] ...Periodic cleaning task...
2024-10-27 11:08:01,313 [DEBUG] ...Periodic cleaning task...
2024-10-27 11:08:02,315 [DEBUG] ...Periodic cleaning task...
2024-10-27 11:08:03,318 [DEBUG] ...Periodic cleaning task...
2024-10-27 11:08:04,324 [DEBUG] ...Periodic cleaning task...
2024-10-27 11:08:05,330 [DEBUG] ...Periodic cleaning task...
2024-10-27 11:08:06,334 [DEBUG] ...Periodic cleaning task...
2024-10-27 11:08:07,340 [DEBUG] ...Periodic cleaning task...
2024-10-27 11:08:08,345 [DEBUG] ...Periodic cleaning task...
2024-10-27 11:08:09,348 [DEBUG] ...Periodic cleaning task...
2024-10-27 11:08:10,355 [DEBUG] ...Periodic cleaning task...
2024-10-27 11:08:11,362 [DEBUG] ...Periodic cleaning task...
2024-10-27 11:08:12,366 [DEBUG] ...Periodic cleaning task...
2024-10-27 11:08:13,372 [DEBUG] ...Periodic cleaning task...
2024-10-27 11:08:14,375 [DEBUG] ...Periodic cleaning task...
2024-10-27 11:08:15,380 [DEBUG] ...Periodic cleaning task...
2024-10-27 11:08:16,387 [DEBUG] ...Periodic cleaning task...
2024-10-27 11:08:17,389 [DEBUG] ...Periodic cleaning task...
2024-10-27 11:08:18,392 [DEBUG] ...Periodic cleaning task...
2024-10-27 11:08:19,398 [DEBUG] ...Periodic cleaning task...
2024-10-27 11:08:20,401 [DEBUG] ...Periodic cleaning task...
2024-10-27 11:08:21,408 [DEBUG] ...Periodic cleaning task...
2024-10-27 11:08:22,413 [DEBUG] ...Periodic cleaning task...
2024-10-27 11:08:23,416 [DEBUG] ...Periodic cleaning task...
2024-10-27 11:08:24,422 [DEBUG] ...Periodic cleaning task...
2024-10-27 11:08:25,427 [DEBUG] ...Periodic cleaning task...
2024-10-27 11:08:26,430 [DEBUG] ...Periodic cleaning task...
2024-10-27 11:08:27,433 [DEBUG] ...Periodic cleaning task...
2024-10-27 11:08:28,435 [DEBUG] ...Periodic cleaning task...
2024-10-27 11:08:29,437 [DEBUG] ...Periodic cleaning task...
2024-10-27 11:08:30,441 [DEBUG] ...Periodic cleaning task...
2024-10-27 11:08:31,443 [DEBUG] ...Periodic cleaning task...
2024-10-27 11:08:32,450 [DEBUG] ...Periodic cleaning task...
2024-10-27 11:08:33,453 [DEBUG] ...Periodic cleaning task...
2024-10-27 11:08:34,457 [DEBUG] ...Periodic cleaning task...
2024-10-27 11:08:35,464 [DEBUG] ...Periodic cleaning task...
2024-10-27 11:08:36,467 [DEBUG] ...Periodic cleaning task...
2024-10-27 11:08:37,474 [DEBUG] ...Periodic cleaning task...
2024-10-27 11:08:38,479 [DEBUG] ...Periodic cleaning task...
2024-10-27 11:08:39,483 [DEBUG] ...Periodic cleaning task...
2024-10-27 11:08:40,487 [DEBUG] ...Periodic cleaning task...
2024-10-27 11:08:41,490 [DEBUG] ...Periodic cleaning task...
2024-10-27 11:08:42,492 [DEBUG] ...Periodic cleaning task...
2024-10-27 11:08:43,494 [DEBUG] ...Periodic cleaning task...
2024-10-27 11:08:44,500 [DEBUG] ...Periodic cleaning task...
2024-10-27 11:08:45,506 [DEBUG] ...Periodic cleaning task...
2024-10-27 11:08:46,510 [DEBUG] ...Periodic cleaning task...
2024-10-27 11:08:47,513 [DEBUG] ...Periodic cleaning task...
2024-10-27 11:08:48,518 [DEBUG] ...Periodic cleaning task...
2024-10-27 11:08:49,520 [DEBUG] ...Periodic cleaning task...
2024-10-27 11:08:50,523 [DEBUG] ...Periodic cleaning task...
2024-10-27 11:08:51,528 [DEBUG] ...Periodic cleaning task...
2024-10-27 11:08:52,530 [DEBUG] ...Periodic cleaning task...
2024-10-27 11:08:53,533 [DEBUG] ...Periodic cleaning task...
2024-10-27 11:08:54,540 [DEBUG] ...Periodic cleaning task...
2024-10-27 11:08:55,542 [DEBUG] ...Periodic cleaning task...
2024-10-27 11:08:56,549 [DEBUG] ...Periodic cleaning task...
2024-10-27 11:08:57,555 [DEBUG] ...Periodic cleaning task...
2024-10-27 11:08:58,557 [DEBUG] ...Periodic cleaning task...
2024-10-27 11:08:59,564 [DEBUG] ...Periodic cleaning task...
2024-10-27 11:09:00,569 [DEBUG] ...Periodic cleaning task...
2024-10-27 11:09:01,574 [DEBUG] ...Periodic cleaning task...
2024-10-27 11:09:02,578 [DEBUG] ...Periodic cleaning task...
2024-10-27 11:09:03,580 [DEBUG] ...Periodic cleaning task...
2024-10-27 11:09:04,585 [DEBUG] ...Periodic cleaning task...
2024-10-27 11:09:05,592 [DEBUG] ...Periodic cleaning task...
2024-10-27 11:09:06,596 [DEBUG] ...Periodic cleaning task...
2024-10-27 11:09:07,605 [DEBUG] ...Periodic cleaning task...
2024-10-27 11:09:08,611 [DEBUG] ...Periodic cleaning task...
2024-10-27 11:09:09,616 [DEBUG] ...Periodic cleaning task...
2024-10-27 11:09:10,623 [DEBUG] ...Periodic cleaning task...
2024-10-27 11:09:11,630 [DEBUG] ...Periodic cleaning task...
2024-10-27 11:09:12,636 [DEBUG] ...Periodic cleaning task...
2024-10-27 11:09:13,642 [DEBUG] ...Periodic cleaning task...
2024-10-27 11:09:14,644 [DEBUG] ...Periodic cleaning task...
2024-10-27 11:09:15,646 [DEBUG] ...Periodic cleaning task...
2024-10-27 11:09:16,649 [DEBUG] ...Periodic cleaning task...
2024-10-27 11:09:17,651 [DEBUG] ...Periodic cleaning task...
2024-10-27 11:09:18,658 [DEBUG] ...Periodic cleaning task...
2024-10-27 11:09:19,661 [DEBUG] ...Periodic cleaning task...
2024-10-27 11:09:20,663 [DEBUG] ...Periodic cleaning task...
2024-10-27 11:09:21,670 [DEBUG] ...Periodic cleaning task...
2024-10-27 11:09:22,675 [DEBUG] ...Periodic cleaning task...
2024-10-27 11:09:23,678 [DEBUG] ...Periodic cleaning task...
2024-10-27 11:09:24,681 [DEBUG] ...Periodic cleaning task...
2024-10-27 11:09:25,682 [DEBUG] ...Periodic cleaning task...
2024-10-27 11:09:26,689 [DEBUG] ...Periodic cleaning task...
2024-10-27 11:09:27,693 [DEBUG] ...Periodic cleaning task...
2024-10-27 11:09:28,696 [DEBUG] ...Periodic cleaning task...
2024-10-27 11:09:29,699 [DEBUG] ...Periodic cleaning task...
2024-10-27 11:09:30,702 [DEBUG] ...Periodic cleaning task...
2024-10-27 11:09:31,704 [DEBUG] ...Periodic cleaning task...
2024-10-27 11:09:32,711 [DEBUG] ...Periodic cleaning task...
2024-10-27 11:09:33,716 [DEBUG] ...Periodic cleaning task...
2024-10-27 11:09:34,723 [DEBUG] ...Periodic cleaning task...
2024-10-27 11:09:35,727 [DEBUG] ...Periodic cleaning task...
2024-10-27 11:09:36,732 [DEBUG] ...Periodic cleaning task...
2024-10-27 11:09:37,735 [DEBUG] ...Periodic cleaning task...
2024-10-27 11:09:38,741 [DEBUG] ...Periodic cleaning task...
2024-10-27 11:09:39,746 [DEBUG] ...Periodic cleaning task...
2024-10-27 11:09:40,750 [DEBUG] ...Periodic cleaning task...
2024-10-27 11:09:41,752 [DEBUG] ...Periodic cleaning task...
2024-10-27 11:09:42,753 [DEBUG] ...Periodic cleaning task...
2024-10-27 11:09:43,756 [DEBUG] ...Periodic cleaning task...
2024-10-27 11:09:44,763 [DEBUG] ...Periodic cleaning task...
2024-10-27 11:09:45,768 [DEBUG] ...Periodic cleaning task...
2024-10-27 11:09:46,772 [DEBUG] ...Periodic cleaning task...
2024-10-27 11:09:47,774 [DEBUG] ...Periodic cleaning task...
2024-10-27 11:09:48,781 [DEBUG] ...Periodic cleaning task...
2024-10-27 11:09:49,784 [DEBUG] ...Periodic cleaning task...
2024-10-27 11:09:50,791 [DEBUG] ...Periodic cleaning task...
2024-10-27 11:09:51,794 [DEBUG] ...Periodic cleaning task...
2024-10-27 11:09:52,800 [DEBUG] ...Periodic cleaning task...
2024-10-27 11:09:53,807 [DEBUG] ...Periodic cleaning task...
2024-10-27 11:09:54,810 [DEBUG] ...Periodic cleaning task...
2024-10-27 11:09:55,811 [DEBUG] ...Periodic cleaning task...
2024-10-27 11:09:56,817 [DEBUG] ...Periodic cleaning task...
2024-10-27 11:09:57,822 [DEBUG] ...Periodic cleaning task...
2024-10-27 11:09:58,829 [DEBUG] ...Periodic cleaning task...
2024-10-27 11:09:59,833 [DEBUG] ...Periodic cleaning task...
2024-10-27 11:10:00,838 [DEBUG] ...Periodic cleaning task...
2024-10-27 11:10:01,845 [DEBUG] ...Periodic cleaning task...
2024-10-27 11:10:02,848 [DEBUG] ...Periodic cleaning task...
2024-10-27 11:10:03,850 [DEBUG] ...Periodic cleaning task...
2024-10-27 11:10:04,855 [DEBUG] ...Periodic cleaning task...
2024-10-27 11:10:05,858 [DEBUG] ...Periodic cleaning task...
2024-10-27 11:10:06,861 [DEBUG] ...Periodic cleaning task...
2024-10-27 11:10:07,863 [DEBUG] ...Periodic cleaning task...
2024-10-27 11:10:08,869 [DEBUG] ...Periodic cleaning task...
2024-10-27 11:10:09,871 [DEBUG] ...Periodic cleaning task...
2024-10-27 11:10:10,877 [DEBUG] ...Periodic cleaning task...
2024-10-27 11:10:11,884 [DEBUG] ...Periodic cleaning task...
2024-10-27 11:10:12,886 [DEBUG] ...Periodic cleaning task...
2024-10-27 11:10:13,888 [DEBUG] ...Periodic cleaning task...
2024-10-27 11:10:14,892 [DEBUG] ...Periodic cleaning task...
2024-10-27 11:10:15,899 [DEBUG] ...Periodic cleaning task...
2024-10-27 11:10:16,906 [DEBUG] ...Periodic cleaning task...
2024-10-27 11:10:17,909 [DEBUG] ...Periodic cleaning task...
2024-10-27 11:10:18,912 [DEBUG] ...Periodic cleaning task...
2024-10-27 11:10:19,919 [DEBUG] ...Periodic cleaning task...
2024-10-27 11:10:20,923 [DEBUG] ...Periodic cleaning task...
2024-10-27 11:10:21,926 [DEBUG] ...Periodic cleaning task...
2024-10-27 11:10:22,927 [DEBUG] ...Periodic cleaning task...
2024-10-27 11:10:23,933 [DEBUG] ...Periodic cleaning task...
2024-10-27 11:10:24,939 [DEBUG] ...Periodic cleaning task...
2024-10-27 11:10:25,945 [DEBUG] ...Periodic cleaning task...
2024-10-27 11:10:26,952 [DEBUG] ...Periodic cleaning task...
2024-10-27 11:10:27,955 [DEBUG] ...Periodic cleaning task...
2024-10-27 11:10:28,958 [DEBUG] ...Periodic cleaning task...
2024-10-27 11:10:29,960 [DEBUG] ...Periodic cleaning task...
2024-10-27 11:10:30,962 [DEBUG] ...Periodic cleaning task...
2024-10-27 11:10:31,965 [DEBUG] ...Periodic cleaning task...
2024-10-27 11:10:32,972 [DEBUG] ...Periodic cleaning task...
2024-10-27 11:10:33,979 [DEBUG] ...Periodic cleaning task...
2024-10-27 11:10:34,985 [DEBUG] ...Periodic cleaning task...
2024-10-27 11:10:35,992 [DEBUG] ...Periodic cleaning task...
2024-10-27 11:10:36,998 [DEBUG] ...Periodic cleaning task...
2024-10-27 11:10:38,002 [DEBUG] ...Periodic cleaning task...
2024-10-27 11:10:39,009 [DEBUG] ...Periodic cleaning task...
2024-10-27 11:10:40,012 [DEBUG] ...Periodic cleaning task...
2024-10-27 11:10:41,017 [DEBUG] ...Periodic cleaning task...
2024-10-27 11:10:42,023 [DEBUG] ...Periodic cleaning task...
2024-10-27 11:10:43,025 [DEBUG] ...Periodic cleaning task...
2024-10-27 11:10:44,032 [DEBUG] ...Periodic cleaning task...
2024-10-27 11:10:45,039 [DEBUG] ...Periodic cleaning task...
2024-10-27 11:10:46,041 [DEBUG] ...Periodic cleaning task...
2024-10-27 11:10:47,044 [DEBUG] ...Periodic cleaning task...
2024-10-27 11:10:48,047 [DEBUG] ...Periodic cleaning task...
2024-10-27 11:10:49,052 [DEBUG] ...Periodic cleaning task...
2024-10-27 11:10:50,055 [DEBUG] ...Periodic cleaning task...
2024-10-27 11:10:51,058 [DEBUG] ...Periodic cleaning task...
2024-10-27 11:10:52,064 [DEBUG] ...Periodic cleaning task...
2024-10-27 11:10:53,067 [DEBUG] ...Periodic cleaning task...
2024-10-27 11:10:54,071 [DEBUG] ...Periodic cleaning task...
2024-10-27 11:10:55,074 [DEBUG] ...Periodic cleaning task...
2024-10-27 11:10:56,077 [DEBUG] ...Periodic cleaning task...
2024-10-27 11:10:57,083 [DEBUG] ...Periodic cleaning task...
2024-10-27 11:10:58,087 [DEBUG] ...Periodic cleaning task...
2024-10-27 11:10:59,091 [DEBUG] ...Periodic cleaning task...
2024-10-27 11:11:00,094 [DEBUG] ...Periodic cleaning task...
2024-10-27 11:11:01,099 [DEBUG] ...Periodic cleaning task...
2024-10-27 11:11:02,100 [DEBUG] ...Periodic cleaning task...
