2024-10-27 11:07:33,169 [INFO] Using hosts file to resolve HITS hiplib/config/hosts
2024-10-27 11:07:33,169 [INFO] Importing hosts file
2024-10-27 11:07:33,169 [INFO] 2001:0021:e1dd:fc6a:83ee:5648:830c:5681 192.168.3.1

2024-10-27 11:07:33,169 [INFO] 2001:0021:6d6f:e8ec:7dce:bd01:a6d2:239e 192.168.3.2

2024-10-27 11:07:33,169 [INFO] 2001:0021:b700:c845:6c5f:46bb:be58:2388 192.168.3.3

2024-10-27 11:07:33,169 [INFO] 2001:0021:77aa:b34f:657b:a4b2:ea6f:7537 192.168.3.4

2024-10-27 11:07:33,169 [INFO] Loading public key and constructing HIT
2024-10-27 11:07:33,185 [INFO] Starting the HIPv2
2024-10-27 11:07:33,185 [INFO] Starting the HIPv2
2024-10-27 11:07:33,185 [DEBUG] ...Periodic cleaning task...
2024-10-27 11:07:33,185 [DEBUG] Opening /dev/net/tun...
2024-10-27 11:07:33,185 [DEBUG] Opening TUN tunnel 'r1-tun1'...
2024-10-27 11:07:33,186 [INFO] Tunnel 'b'r1-tun1'' opened.
2024-10-27 11:07:34,187 [DEBUG] ...Periodic cleaning task...
2024-10-27 11:07:35,191 [DEBUG] ...Periodic cleaning task...
2024-10-27 11:07:36,194 [DEBUG] ...Periodic cleaning task...
2024-10-27 11:07:37,197 [DEBUG] ...Periodic cleaning task...
2024-10-27 11:07:38,204 [DEBUG] ...Periodic cleaning task...
2024-10-27 11:07:39,211 [DEBUG] ...Periodic cleaning task...
2024-10-27 11:07:40,216 [DEBUG] ...Periodic cleaning task...
2024-10-27 11:07:41,218 [DEBUG] ...Periodic cleaning task...
2024-10-27 11:07:42,225 [DEBUG] ...Periodic cleaning task...
2024-10-27 11:07:43,232 [DEBUG] ...Periodic cleaning task...
2024-10-27 11:07:44,234 [DEBUG] ...Periodic cleaning task...
2024-10-27 11:07:45,237 [DEBUG] ...Periodic cleaning task...
2024-10-27 11:07:46,242 [DEBUG] ...Periodic cleaning task...
2024-10-27 11:07:47,246 [DEBUG] ...Periodic cleaning task...
2024-10-27 11:07:48,252 [DEBUG] ...Periodic cleaning task...
2024-10-27 11:07:49,259 [DEBUG] ...Periodic cleaning task...
2024-10-27 11:07:50,265 [DEBUG] ...Periodic cleaning task...
2024-10-27 11:07:51,272 [DEBUG] ...Periodic cleaning task...
2024-10-27 11:07:52,275 [DEBUG] ...Periodic cleaning task...
2024-10-27 11:07:53,282 [DEBUG] ...Periodic cleaning task...
2024-10-27 11:07:54,284 [DEBUG] ...Periodic cleaning task...
2024-10-27 11:07:55,290 [DEBUG] ...Periodic cleaning task...
2024-10-27 11:07:56,292 [DEBUG] ...Periodic cleaning task...
2024-10-27 11:07:57,299 [DEBUG] ...Periodic cleaning task...
2024-10-27 11:07:58,301 [DEBUG] ...Periodic cleaning task...
2024-10-27 11:07:59,308 [DEBUG] ...Periodic cleaning task...
2024-10-27 11:08:00,313 [DEBUG] ...Periodic cleaning task...
2024-10-27 11:08:01,318 [DEBUG] ...Periodic cleaning task...
2024-10-27 11:08:02,321 [DEBUG] ...Periodic cleaning task...
2024-10-27 11:08:03,328 [DEBUG] ...Periodic cleaning task...
2024-10-27 11:08:04,332 [DEBUG] ...Periodic cleaning task...
2024-10-27 11:08:05,335 [DEBUG] ...Periodic cleaning task...
2024-10-27 11:08:06,336 [DEBUG] ...Periodic cleaning task...
2024-10-27 11:08:07,339 [DEBUG] ...Periodic cleaning task...
2024-10-27 11:08:08,345 [DEBUG] ...Periodic cleaning task...
2024-10-27 11:08:09,352 [DEBUG] ...Periodic cleaning task...
2024-10-27 11:08:10,358 [DEBUG] ...Periodic cleaning task...
2024-10-27 11:08:11,362 [DEBUG] ...Periodic cleaning task...
2024-10-27 11:08:12,366 [DEBUG] ...Periodic cleaning task...
2024-10-27 11:08:13,373 [DEBUG] ...Periodic cleaning task...
2024-10-27 11:08:14,378 [DEBUG] ...Periodic cleaning task...
2024-10-27 11:08:15,384 [DEBUG] ...Periodic cleaning task...
2024-10-27 11:08:16,389 [DEBUG] ...Periodic cleaning task...
2024-10-27 11:08:17,393 [DEBUG] ...Periodic cleaning task...
2024-10-27 11:08:18,395 [DEBUG] ...Periodic cleaning task...
2024-10-27 11:08:19,397 [DEBUG] ...Periodic cleaning task...
2024-10-27 11:08:20,401 [DEBUG] ...Periodic cleaning task...
2024-10-27 11:08:21,408 [DEBUG] ...Periodic cleaning task...
2024-10-27 11:08:22,413 [DEBUG] ...Periodic cleaning task...
2024-10-27 11:08:23,416 [DEBUG] ...Periodic cleaning task...
2024-10-27 11:08:24,418 [DEBUG] ...Periodic cleaning task...
2024-10-27 11:08:25,423 [DEBUG] ...Periodic cleaning task...
2024-10-27 11:08:26,428 [DEBUG] ...Periodic cleaning task...
2024-10-27 11:08:27,433 [DEBUG] ...Periodic cleaning task...
2024-10-27 11:08:28,439 [DEBUG] ...Periodic cleaning task...
2024-10-27 11:08:29,441 [DEBUG] ...Periodic cleaning task...
2024-10-27 11:08:30,448 [DEBUG] ...Periodic cleaning task...
2024-10-27 11:08:31,455 [DEBUG] ...Periodic cleaning task...
2024-10-27 11:08:32,457 [DEBUG] ...Periodic cleaning task...
2024-10-27 11:08:33,461 [DEBUG] ...Periodic cleaning task...
2024-10-27 11:08:34,466 [DEBUG] ...Periodic cleaning task...
2024-10-27 11:08:35,470 [DEBUG] ...Periodic cleaning task...
2024-10-27 11:08:36,477 [DEBUG] ...Periodic cleaning task...
2024-10-27 11:08:37,483 [DEBUG] ...Periodic cleaning task...
2024-10-27 11:08:38,491 [DEBUG] ...Periodic cleaning task...
2024-10-27 11:08:39,496 [DEBUG] ...Periodic cleaning task...
2024-10-27 11:08:40,501 [DEBUG] ...Periodic cleaning task...
2024-10-27 11:08:41,507 [DEBUG] ...Periodic cleaning task...
2024-10-27 11:08:42,509 [DEBUG] ...Periodic cleaning task...
2024-10-27 11:08:43,511 [DEBUG] ...Periodic cleaning task...
2024-10-27 11:08:44,516 [DEBUG] ...Periodic cleaning task...
2024-10-27 11:08:45,522 [DEBUG] ...Periodic cleaning task...
2024-10-27 11:08:46,525 [DEBUG] ...Periodic cleaning task...
2024-10-27 11:08:47,528 [DEBUG] ...Periodic cleaning task...
2024-10-27 11:08:48,534 [DEBUG] ...Periodic cleaning task...
2024-10-27 11:08:49,537 [DEBUG] ...Periodic cleaning task...
2024-10-27 11:08:50,543 [DEBUG] ...Periodic cleaning task...
2024-10-27 11:08:51,550 [DEBUG] ...Periodic cleaning task...
2024-10-27 11:08:52,556 [DEBUG] ...Periodic cleaning task...
2024-10-27 11:08:53,562 [DEBUG] ...Periodic cleaning task...
2024-10-27 11:08:54,566 [DEBUG] ...Periodic cleaning task...
2024-10-27 11:08:55,568 [DEBUG] ...Periodic cleaning task...
2024-10-27 11:08:56,575 [DEBUG] ...Periodic cleaning task...
2024-10-27 11:08:57,577 [DEBUG] ...Periodic cleaning task...
2024-10-27 11:08:58,583 [DEBUG] ...Periodic cleaning task...
2024-10-27 11:08:59,589 [DEBUG] ...Periodic cleaning task...
2024-10-27 11:09:00,591 [DEBUG] ...Periodic cleaning task...
2024-10-27 11:09:01,595 [DEBUG] ...Periodic cleaning task...
2024-10-27 11:09:02,598 [DEBUG] ...Periodic cleaning task...
2024-10-27 11:09:03,605 [DEBUG] ...Periodic cleaning task...
2024-10-27 11:09:04,608 [DEBUG] ...Periodic cleaning task...
2024-10-27 11:09:05,614 [DEBUG] ...Periodic cleaning task...
2024-10-27 11:09:06,620 [DEBUG] ...Periodic cleaning task...
2024-10-27 11:09:07,626 [DEBUG] ...Periodic cleaning task...
2024-10-27 11:09:08,633 [DEBUG] ...Periodic cleaning task...
2024-10-27 11:09:09,636 [DEBUG] ...Periodic cleaning task...
2024-10-27 11:09:10,638 [DEBUG] ...Periodic cleaning task...
2024-10-27 11:09:11,645 [DEBUG] ...Periodic cleaning task...
2024-10-27 11:09:12,650 [DEBUG] ...Periodic cleaning task...
2024-10-27 11:09:13,652 [DEBUG] ...Periodic cleaning task...
2024-10-27 11:09:14,659 [DEBUG] ...Periodic cleaning task...
2024-10-27 11:09:15,663 [DEBUG] ...Periodic cleaning task...
2024-10-27 11:09:16,669 [DEBUG] ...Periodic cleaning task...
2024-10-27 11:09:17,676 [DEBUG] ...Periodic cleaning task...
2024-10-27 11:09:18,683 [DEBUG] ...Periodic cleaning task...
2024-10-27 11:09:19,688 [DEBUG] ...Periodic cleaning task...
2024-10-27 11:09:20,691 [DEBUG] ...Periodic cleaning task...
2024-10-27 11:09:21,697 [DEBUG] ...Periodic cleaning task...
2024-10-27 11:09:22,702 [DEBUG] ...Periodic cleaning task...
2024-10-27 11:09:23,708 [DEBUG] ...Periodic cleaning task...
2024-10-27 11:09:24,714 [DEBUG] ...Periodic cleaning task...
2024-10-27 11:09:25,717 [DEBUG] ...Periodic cleaning task...
2024-10-27 11:09:26,720 [DEBUG] ...Periodic cleaning task...
2024-10-27 11:09:27,725 [DEBUG] ...Periodic cleaning task...
2024-10-27 11:09:28,730 [DEBUG] ...Periodic cleaning task...
2024-10-27 11:09:29,734 [DEBUG] ...Periodic cleaning task...
2024-10-27 11:09:30,736 [DEBUG] ...Periodic cleaning task...
2024-10-27 11:09:31,740 [DEBUG] ...Periodic cleaning task...
2024-10-27 11:09:32,743 [DEBUG] ...Periodic cleaning task...
2024-10-27 11:09:33,748 [DEBUG] ...Periodic cleaning task...
2024-10-27 11:09:34,754 [DEBUG] ...Periodic cleaning task...
2024-10-27 11:09:35,760 [DEBUG] ...Periodic cleaning task...
2024-10-27 11:09:36,766 [DEBUG] ...Periodic cleaning task...
2024-10-27 11:09:37,773 [DEBUG] ...Periodic cleaning task...
2024-10-27 11:09:38,779 [DEBUG] ...Periodic cleaning task...
2024-10-27 11:09:39,786 [DEBUG] ...Periodic cleaning task...
2024-10-27 11:09:40,789 [DEBUG] ...Periodic cleaning task...
2024-10-27 11:09:41,796 [DEBUG] ...Periodic cleaning task...
2024-10-27 11:09:42,798 [DEBUG] ...Periodic cleaning task...
2024-10-27 11:09:43,802 [DEBUG] ...Periodic cleaning task...
2024-10-27 11:09:44,805 [DEBUG] ...Periodic cleaning task...
2024-10-27 11:09:45,810 [DEBUG] ...Periodic cleaning task...
2024-10-27 11:09:46,815 [DEBUG] ...Periodic cleaning task...
2024-10-27 11:09:47,817 [DEBUG] ...Periodic cleaning task...
2024-10-27 11:09:48,820 [DEBUG] ...Periodic cleaning task...
2024-10-27 11:09:49,824 [DEBUG] ...Periodic cleaning task...
2024-10-27 11:09:50,829 [DEBUG] ...Periodic cleaning task...
2024-10-27 11:09:51,833 [DEBUG] ...Periodic cleaning task...
2024-10-27 11:09:52,839 [DEBUG] ...Periodic cleaning task...
2024-10-27 11:09:53,844 [DEBUG] ...Periodic cleaning task...
2024-10-27 11:09:54,850 [DEBUG] ...Periodic cleaning task...
2024-10-27 11:09:55,855 [DEBUG] ...Periodic cleaning task...
2024-10-27 11:09:56,858 [DEBUG] ...Periodic cleaning task...
2024-10-27 11:09:57,864 [DEBUG] ...Periodic cleaning task...
2024-10-27 11:09:58,867 [DEBUG] ...Periodic cleaning task...
2024-10-27 11:09:59,872 [DEBUG] ...Periodic cleaning task...
2024-10-27 11:10:00,879 [DEBUG] ...Periodic cleaning task...
2024-10-27 11:10:01,881 [DEBUG] ...Periodic cleaning task...
2024-10-27 11:10:02,889 [DEBUG] ...Periodic cleaning task...
2024-10-27 11:10:03,892 [DEBUG] ...Periodic cleaning task...
2024-10-27 11:10:04,898 [DEBUG] ...Periodic cleaning task...
2024-10-27 11:10:05,901 [DEBUG] ...Periodic cleaning task...
2024-10-27 11:10:06,904 [DEBUG] ...Periodic cleaning task...
2024-10-27 11:10:07,907 [DEBUG] ...Periodic cleaning task...
2024-10-27 11:10:08,911 [DEBUG] ...Periodic cleaning task...
2024-10-27 11:10:09,916 [DEBUG] ...Periodic cleaning task...
2024-10-27 11:10:10,923 [DEBUG] ...Periodic cleaning task...
2024-10-27 11:10:11,931 [DEBUG] ...Periodic cleaning task...
2024-10-27 11:10:12,933 [DEBUG] ...Periodic cleaning task...
2024-10-27 11:10:13,938 [DEBUG] ...Periodic cleaning task...
2024-10-27 11:10:14,943 [DEBUG] ...Periodic cleaning task...
2024-10-27 11:10:15,945 [DEBUG] ...Periodic cleaning task...
2024-10-27 11:10:16,950 [DEBUG] ...Periodic cleaning task...
2024-10-27 11:10:17,952 [DEBUG] ...Periodic cleaning task...
2024-10-27 11:10:18,955 [DEBUG] ...Periodic cleaning task...
2024-10-27 11:10:19,962 [DEBUG] ...Periodic cleaning task...
2024-10-27 11:10:20,967 [DEBUG] ...Periodic cleaning task...
2024-10-27 11:10:21,970 [DEBUG] ...Periodic cleaning task...
2024-10-27 11:10:22,973 [DEBUG] ...Periodic cleaning task...
2024-10-27 11:10:23,975 [DEBUG] ...Periodic cleaning task...
2024-10-27 11:10:24,977 [DEBUG] ...Periodic cleaning task...
2024-10-27 11:10:25,981 [DEBUG] ...Periodic cleaning task...
2024-10-27 11:10:26,988 [DEBUG] ...Periodic cleaning task...
2024-10-27 11:10:27,993 [DEBUG] ...Periodic cleaning task...
2024-10-27 11:10:28,997 [DEBUG] ...Periodic cleaning task...
2024-10-27 11:10:29,999 [DEBUG] ...Periodic cleaning task...
2024-10-27 11:10:31,006 [DEBUG] ...Periodic cleaning task...
2024-10-27 11:10:32,013 [DEBUG] ...Periodic cleaning task...
2024-10-27 11:10:33,015 [DEBUG] ...Periodic cleaning task...
2024-10-27 11:10:34,021 [DEBUG] ...Periodic cleaning task...
2024-10-27 11:10:35,028 [DEBUG] ...Periodic cleaning task...
2024-10-27 11:10:36,035 [DEBUG] ...Periodic cleaning task...
2024-10-27 11:10:37,042 [DEBUG] ...Periodic cleaning task...
2024-10-27 11:10:38,047 [DEBUG] ...Periodic cleaning task...
2024-10-27 11:10:39,050 [DEBUG] ...Periodic cleaning task...
2024-10-27 11:10:40,057 [DEBUG] ...Periodic cleaning task...
2024-10-27 11:10:41,060 [DEBUG] ...Periodic cleaning task...
2024-10-27 11:10:42,065 [DEBUG] ...Periodic cleaning task...
2024-10-27 11:10:43,070 [DEBUG] ...Periodic cleaning task...
2024-10-27 11:10:44,073 [DEBUG] ...Periodic cleaning task...
2024-10-27 11:10:45,075 [DEBUG] ...Periodic cleaning task...
2024-10-27 11:10:46,077 [DEBUG] ...Periodic cleaning task...
2024-10-27 11:10:47,084 [DEBUG] ...Periodic cleaning task...
2024-10-27 11:10:48,089 [DEBUG] ...Periodic cleaning task...
2024-10-27 11:10:49,095 [DEBUG] ...Periodic cleaning task...
2024-10-27 11:10:50,102 [DEBUG] ...Periodic cleaning task...
2024-10-27 11:10:51,107 [DEBUG] ...Periodic cleaning task...
2024-10-27 11:10:52,110 [DEBUG] ...Periodic cleaning task...
2024-10-27 11:10:53,117 [DEBUG] ...Periodic cleaning task...
2024-10-27 11:10:54,123 [DEBUG] ...Periodic cleaning task...
2024-10-27 11:10:55,126 [DEBUG] ...Periodic cleaning task...
2024-10-27 11:10:56,130 [DEBUG] ...Periodic cleaning task...
2024-10-27 11:10:57,134 [DEBUG] ...Periodic cleaning task...
2024-10-27 11:10:58,135 [DEBUG] ...Periodic cleaning task...
2024-10-27 11:10:59,142 [DEBUG] ...Periodic cleaning task...
2024-10-27 11:11:00,145 [DEBUG] ...Periodic cleaning task...
2024-10-27 11:11:01,149 [DEBUG] ...Periodic cleaning task...
2024-10-27 11:11:02,151 [DEBUG] ...Periodic cleaning task...
