2024-10-27 11:07:33,171 [INFO] Using hosts file to resolve HITS hiplib/config/hosts
2024-10-27 11:07:33,171 [INFO] Importing hosts file
2024-10-27 11:07:33,171 [INFO] 2001:0021:e1dd:fc6a:83ee:5648:830c:5681 192.168.3.1

2024-10-27 11:07:33,171 [INFO] 2001:0021:6d6f:e8ec:7dce:bd01:a6d2:239e 192.168.3.2

2024-10-27 11:07:33,171 [INFO] 2001:0021:b700:c845:6c5f:46bb:be58:2388 192.168.3.3

2024-10-27 11:07:33,171 [INFO] 2001:0021:77aa:b34f:657b:a4b2:ea6f:7537 192.168.3.4

2024-10-27 11:07:33,171 [INFO] Loading public key and constructing HIT
2024-10-27 11:07:33,185 [INFO] Starting the HIPv2
2024-10-27 11:07:33,185 [INFO] Starting the HIPv2
2024-10-27 11:07:33,186 [DEBUG] ...Periodic cleaning task...
2024-10-27 11:07:33,186 [DEBUG] Opening /dev/net/tun...
2024-10-27 11:07:33,186 [DEBUG] Opening TUN tunnel 'r4-tun1'...
2024-10-27 11:07:33,187 [INFO] Tunnel 'b'r4-tun1'' opened.
2024-10-27 11:07:33,189 [DEBUG] Opening /dev/net/tun...
2024-10-27 11:07:33,189 [DEBUG] Opening TUN tunnel 'r4-tun2'...
2024-10-27 11:07:33,189 [INFO] Tunnel 'b'r4-tun2'' opened.
2024-10-27 11:07:33,190 [DEBUG] Opening /dev/net/tun...
2024-10-27 11:07:33,190 [DEBUG] Opening TUN tunnel 'r4-tun3'...
2024-10-27 11:07:33,190 [INFO] Tunnel 'b'r4-tun3'' opened.
2024-10-27 11:07:34,189 [DEBUG] ...Periodic cleaning task...
2024-10-27 11:07:35,193 [DEBUG] ...Periodic cleaning task...
2024-10-27 11:07:36,198 [DEBUG] ...Periodic cleaning task...
2024-10-27 11:07:37,203 [DEBUG] ...Periodic cleaning task...
2024-10-27 11:07:38,205 [DEBUG] ...Periodic cleaning task...
2024-10-27 11:07:39,215 [DEBUG] ...Periodic cleaning task...
2024-10-27 11:07:40,218 [DEBUG] ...Periodic cleaning task...
2024-10-27 11:07:41,224 [DEBUG] ...Periodic cleaning task...
2024-10-27 11:07:42,227 [DEBUG] ...Periodic cleaning task...
2024-10-27 11:07:43,233 [DEBUG] ...Periodic cleaning task...
2024-10-27 11:07:44,237 [DEBUG] ...Periodic cleaning task...
2024-10-27 11:07:45,239 [DEBUG] ...Periodic cleaning task...
2024-10-27 11:07:46,245 [DEBUG] ...Periodic cleaning task...
2024-10-27 11:07:47,247 [DEBUG] ...Periodic cleaning task...
2024-10-27 11:07:48,251 [DEBUG] ...Periodic cleaning task...
2024-10-27 11:07:49,253 [DEBUG] ...Periodic cleaning task...
2024-10-27 11:07:50,255 [DEBUG] ...Periodic cleaning task...
2024-10-27 11:07:51,261 [DEBUG] ...Periodic cleaning task...
2024-10-27 11:07:52,265 [DEBUG] ...Periodic cleaning task...
2024-10-27 11:07:53,272 [DEBUG] ...Periodic cleaning task...
2024-10-27 11:07:54,279 [DEBUG] ...Periodic cleaning task...
2024-10-27 11:07:55,281 [DEBUG] ...Periodic cleaning task...
2024-10-27 11:07:56,283 [DEBUG] ...Periodic cleaning task...
2024-10-27 11:07:57,289 [DEBUG] ...Periodic cleaning task...
2024-10-27 11:07:58,291 [DEBUG] ...Periodic cleaning task...
2024-10-27 11:07:59,299 [DEBUG] ...Periodic cleaning task...
2024-10-27 11:08:00,301 [DEBUG] ...Periodic cleaning task...
2024-10-27 11:08:01,307 [DEBUG] ...Periodic cleaning task...
2024-10-27 11:08:02,314 [DEBUG] ...Periodic cleaning task...
2024-10-27 11:08:03,321 [DEBUG] ...Periodic cleaning task...
2024-10-27 11:08:04,324 [DEBUG] ...Periodic cleaning task...
2024-10-27 11:08:05,329 [DEBUG] ...Periodic cleaning task...
2024-10-27 11:08:06,336 [DEBUG] ...Periodic cleaning task...
2024-10-27 11:08:07,340 [DEBUG] ...Periodic cleaning task...
2024-10-27 11:08:08,342 [DEBUG] ...Periodic cleaning task...
2024-10-27 11:08:09,348 [DEBUG] ...Periodic cleaning task...
2024-10-27 11:08:10,350 [DEBUG] ...Periodic cleaning task...
2024-10-27 11:08:11,357 [DEBUG] ...Periodic cleaning task...
2024-10-27 11:08:12,359 [DEBUG] ...Periodic cleaning task...
2024-10-27 11:08:13,366 [DEBUG] ...Periodic cleaning task...
2024-10-27 11:08:14,370 [DEBUG] ...Periodic cleaning task...
2024-10-27 11:08:15,377 [DEBUG] ...Periodic cleaning task...
2024-10-27 11:08:16,380 [DEBUG] ...Periodic cleaning task...
2024-10-27 11:08:17,383 [DEBUG] ...Periodic cleaning task...
2024-10-27 11:08:18,386 [DEBUG] ...Periodic cleaning task...
2024-10-27 11:08:19,390 [DEBUG] ...Periodic cleaning task...
2024-10-27 11:08:20,396 [DEBUG] ...Periodic cleaning task...
2024-10-27 11:08:21,398 [DEBUG] ...Periodic cleaning task...
2024-10-27 11:08:22,401 [DEBUG] ...Periodic cleaning task...
2024-10-27 11:08:23,407 [DEBUG] ...Periodic cleaning task...
2024-10-27 11:08:24,410 [DEBUG] ...Periodic cleaning task...
2024-10-27 11:08:25,415 [DEBUG] ...Periodic cleaning task...
2024-10-27 11:08:26,422 [DEBUG] ...Periodic cleaning task...
2024-10-27 11:08:27,424 [DEBUG] ...Periodic cleaning task...
2024-10-27 11:08:28,429 [DEBUG] ...Periodic cleaning task...
2024-10-27 11:08:29,431 [DEBUG] ...Periodic cleaning task...
2024-10-27 11:08:30,433 [DEBUG] ...Periodic cleaning task...
2024-10-27 11:08:31,435 [DEBUG] ...Periodic cleaning task...
2024-10-27 11:08:32,441 [DEBUG] ...Periodic cleaning task...
2024-10-27 11:08:33,443 [DEBUG] ...Periodic cleaning task...
2024-10-27 11:08:34,450 [DEBUG] ...Periodic cleaning task...
2024-10-27 11:08:35,456 [DEBUG] ...Periodic cleaning task...
2024-10-27 11:08:36,461 [DEBUG] ...Periodic cleaning task...
2024-10-27 11:08:37,464 [DEBUG] ...Periodic cleaning task...
2024-10-27 11:08:38,469 [DEBUG] ...Periodic cleaning task...
2024-10-27 11:08:39,472 [DEBUG] ...Periodic cleaning task...
2024-10-27 11:08:40,476 [DEBUG] ...Periodic cleaning task...
2024-10-27 11:08:41,478 [DEBUG] ...Periodic cleaning task...
2024-10-27 11:08:42,480 [DEBUG] ...Periodic cleaning task...
2024-10-27 11:08:43,484 [DEBUG] ...Periodic cleaning task...
2024-10-27 11:08:44,489 [DEBUG] ...Periodic cleaning task...
2024-10-27 11:08:45,493 [DEBUG] ...Periodic cleaning task...
2024-10-27 11:08:46,495 [DEBUG] ...Periodic cleaning task...
2024-10-27 11:08:47,500 [DEBUG] ...Periodic cleaning task...
2024-10-27 11:08:48,505 [DEBUG] ...Periodic cleaning task...
2024-10-27 11:08:49,508 [DEBUG] ...Periodic cleaning task...
2024-10-27 11:08:50,513 [DEBUG] ...Periodic cleaning task...
2024-10-27 11:08:51,517 [DEBUG] ...Periodic cleaning task...
2024-10-27 11:08:52,518 [DEBUG] ...Periodic cleaning task...
2024-10-27 11:08:53,521 [DEBUG] ...Periodic cleaning task...
2024-10-27 11:08:54,526 [DEBUG] ...Periodic cleaning task...
2024-10-27 11:08:55,527 [DEBUG] ...Periodic cleaning task...
2024-10-27 11:08:56,529 [DEBUG] ...Periodic cleaning task...
2024-10-27 11:08:57,532 [DEBUG] ...Periodic cleaning task...
2024-10-27 11:08:58,535 [DEBUG] ...Periodic cleaning task...
2024-10-27 11:08:59,539 [DEBUG] ...Periodic cleaning task...
2024-10-27 11:09:00,542 [DEBUG] ...Periodic cleaning task...
2024-10-27 11:09:01,544 [DEBUG] ...Periodic cleaning task...
2024-10-27 11:09:02,551 [DEBUG] ...Periodic cleaning task...
2024-10-27 11:09:03,553 [DEBUG] ...Periodic cleaning task...
2024-10-27 11:09:04,559 [DEBUG] ...Periodic cleaning task...
2024-10-27 11:09:05,562 [DEBUG] ...Periodic cleaning task...
2024-10-27 11:09:06,566 [DEBUG] ...Periodic cleaning task...
2024-10-27 11:09:07,572 [DEBUG] ...Periodic cleaning task...
2024-10-27 11:09:08,578 [DEBUG] ...Periodic cleaning task...
2024-10-27 11:09:09,582 [DEBUG] ...Periodic cleaning task...
2024-10-27 11:09:10,588 [DEBUG] ...Periodic cleaning task...
2024-10-27 11:09:11,593 [DEBUG] ...Periodic cleaning task...
2024-10-27 11:09:12,599 [DEBUG] ...Periodic cleaning task...
2024-10-27 11:09:13,601 [DEBUG] ...Periodic cleaning task...
2024-10-27 11:09:14,602 [DEBUG] ...Periodic cleaning task...
2024-10-27 11:09:15,604 [DEBUG] ...Periodic cleaning task...
2024-10-27 11:09:16,606 [DEBUG] ...Periodic cleaning task...
2024-10-27 11:09:17,609 [DEBUG] ...Periodic cleaning task...
2024-10-27 11:09:18,616 [DEBUG] ...Periodic cleaning task...
2024-10-27 11:09:19,622 [DEBUG] ...Periodic cleaning task...
2024-10-27 11:09:20,624 [DEBUG] ...Periodic cleaning task...
2024-10-27 11:09:21,631 [DEBUG] ...Periodic cleaning task...
2024-10-27 11:09:22,637 [DEBUG] ...Periodic cleaning task...
2024-10-27 11:09:23,641 [DEBUG] ...Periodic cleaning task...
2024-10-27 11:09:24,649 [DEBUG] ...Periodic cleaning task...
2024-10-27 11:09:25,656 [DEBUG] ...Periodic cleaning task...
2024-10-27 11:09:26,663 [DEBUG] ...Periodic cleaning task...
2024-10-27 11:09:27,665 [DEBUG] ...Periodic cleaning task...
2024-10-27 11:09:28,667 [DEBUG] ...Periodic cleaning task...
2024-10-27 11:09:29,673 [DEBUG] ...Periodic cleaning task...
2024-10-27 11:09:30,675 [DEBUG] ...Periodic cleaning task...
2024-10-27 11:09:31,678 [DEBUG] ...Periodic cleaning task...
2024-10-27 11:09:32,680 [DEBUG] ...Periodic cleaning task...
2024-10-27 11:09:33,685 [DEBUG] ...Periodic cleaning task...
2024-10-27 11:09:34,689 [DEBUG] ...Periodic cleaning task...
2024-10-27 11:09:35,695 [DEBUG] ...Periodic cleaning task...
2024-10-27 11:09:36,697 [DEBUG] ...Periodic cleaning task...
2024-10-27 11:09:37,702 [DEBUG] ...Periodic cleaning task...
2024-10-27 11:09:38,707 [DEBUG] ...Periodic cleaning task...
2024-10-27 11:09:39,709 [DEBUG] ...Periodic cleaning task...
2024-10-27 11:09:40,711 [DEBUG] ...Periodic cleaning task...
2024-10-27 11:09:41,714 [DEBUG] ...Periodic cleaning task...
2024-10-27 11:09:42,717 [DEBUG] ...Periodic cleaning task...
2024-10-27 11:09:43,722 [DEBUG] ...Periodic cleaning task...
2024-10-27 11:09:44,724 [DEBUG] ...Periodic cleaning task...
2024-10-27 11:09:45,728 [DEBUG] ...Periodic cleaning task...
2024-10-27 11:09:46,734 [DEBUG] ...Periodic cleaning task...
2024-10-27 11:09:47,739 [DEBUG] ...Periodic cleaning task...
2024-10-27 11:09:48,741 [DEBUG] ...Periodic cleaning task...
2024-10-27 11:09:49,744 [DEBUG] ...Periodic cleaning task...
2024-10-27 11:09:50,746 [DEBUG] ...Periodic cleaning task...
2024-10-27 11:09:51,750 [DEBUG] ...Periodic cleaning task...
2024-10-27 11:09:52,757 [DEBUG] ...Periodic cleaning task...
2024-10-27 11:09:53,759 [DEBUG] ...Periodic cleaning task...
2024-10-27 11:09:54,765 [DEBUG] ...Periodic cleaning task...
2024-10-27 11:09:55,770 [DEBUG] ...Periodic cleaning task...
2024-10-27 11:09:56,774 [DEBUG] ...Periodic cleaning task...
2024-10-27 11:09:57,777 [DEBUG] ...Periodic cleaning task...
2024-10-27 11:09:58,783 [DEBUG] ...Periodic cleaning task...
2024-10-27 11:09:59,786 [DEBUG] ...Periodic cleaning task...
2024-10-27 11:10:00,791 [DEBUG] ...Periodic cleaning task...
2024-10-27 11:10:01,795 [DEBUG] ...Periodic cleaning task...
2024-10-27 11:10:02,796 [DEBUG] ...Periodic cleaning task...
2024-10-27 11:10:03,801 [DEBUG] ...Periodic cleaning task...
2024-10-27 11:10:04,804 [DEBUG] ...Periodic cleaning task...
2024-10-27 11:10:05,811 [DEBUG] ...Periodic cleaning task...
2024-10-27 11:10:06,817 [DEBUG] ...Periodic cleaning task...
2024-10-27 11:10:07,819 [DEBUG] ...Periodic cleaning task...
2024-10-27 11:10:08,826 [DEBUG] ...Periodic cleaning task...
2024-10-27 11:10:09,830 [DEBUG] ...Periodic cleaning task...
2024-10-27 11:10:10,836 [DEBUG] ...Periodic cleaning task...
2024-10-27 11:10:11,839 [DEBUG] ...Periodic cleaning task...
2024-10-27 11:10:12,848 [DEBUG] ...Periodic cleaning task...
2024-10-27 11:10:13,851 [DEBUG] ...Periodic cleaning task...
2024-10-27 11:10:14,855 [DEBUG] ...Periodic cleaning task...
2024-10-27 11:10:15,862 [DEBUG] ...Periodic cleaning task...
2024-10-27 11:10:16,865 [DEBUG] ...Periodic cleaning task...
2024-10-27 11:10:17,872 [DEBUG] ...Periodic cleaning task...
2024-10-27 11:10:18,878 [DEBUG] ...Periodic cleaning task...
2024-10-27 11:10:19,885 [DEBUG] ...Periodic cleaning task...
2024-10-27 11:10:20,890 [DEBUG] ...Periodic cleaning task...
2024-10-27 11:10:21,892 [DEBUG] ...Periodic cleaning task...
2024-10-27 11:10:22,895 [DEBUG] ...Periodic cleaning task...
2024-10-27 11:10:23,899 [DEBUG] ...Periodic cleaning task...
2024-10-27 11:10:24,902 [DEBUG] ...Periodic cleaning task...
2024-10-27 11:10:25,908 [DEBUG] ...Periodic cleaning task...
2024-10-27 11:10:26,914 [DEBUG] ...Periodic cleaning task...
2024-10-27 11:10:27,917 [DEBUG] ...Periodic cleaning task...
2024-10-27 11:10:28,922 [DEBUG] ...Periodic cleaning task...
2024-10-27 11:10:29,927 [DEBUG] ...Periodic cleaning task...
2024-10-27 11:10:30,929 [DEBUG] ...Periodic cleaning task...
2024-10-27 11:10:31,933 [DEBUG] ...Periodic cleaning task...
2024-10-27 11:10:32,936 [DEBUG] ...Periodic cleaning task...
2024-10-27 11:10:33,942 [DEBUG] ...Periodic cleaning task...
2024-10-27 11:10:34,947 [DEBUG] ...Periodic cleaning task...
2024-10-27 11:10:35,953 [DEBUG] ...Periodic cleaning task...
2024-10-27 11:10:36,957 [DEBUG] ...Periodic cleaning task...
2024-10-27 11:10:37,961 [DEBUG] ...Periodic cleaning task...
2024-10-27 11:10:38,964 [DEBUG] ...Periodic cleaning task...
2024-10-27 11:10:39,966 [DEBUG] ...Periodic cleaning task...
2024-10-27 11:10:40,968 [DEBUG] ...Periodic cleaning task...
2024-10-27 11:10:41,975 [DEBUG] ...Periodic cleaning task...
2024-10-27 11:10:42,977 [DEBUG] ...Periodic cleaning task...
2024-10-27 11:10:43,983 [DEBUG] ...Periodic cleaning task...
2024-10-27 11:10:44,985 [DEBUG] ...Periodic cleaning task...
2024-10-27 11:10:45,991 [DEBUG] ...Periodic cleaning task...
2024-10-27 11:10:46,997 [DEBUG] ...Periodic cleaning task...
2024-10-27 11:10:48,001 [DEBUG] ...Periodic cleaning task...
2024-10-27 11:10:49,004 [DEBUG] ...Periodic cleaning task...
2024-10-27 11:10:50,007 [DEBUG] ...Periodic cleaning task...
2024-10-27 11:10:51,014 [DEBUG] ...Periodic cleaning task...
2024-10-27 11:10:52,019 [DEBUG] ...Periodic cleaning task...
2024-10-27 11:10:53,022 [DEBUG] ...Periodic cleaning task...
2024-10-27 11:10:54,025 [DEBUG] ...Periodic cleaning task...
2024-10-27 11:10:55,027 [DEBUG] ...Periodic cleaning task...
2024-10-27 11:10:56,032 [DEBUG] ...Periodic cleaning task...
2024-10-27 11:10:57,039 [DEBUG] ...Periodic cleaning task...
2024-10-27 11:10:58,044 [DEBUG] ...Periodic cleaning task...
2024-10-27 11:10:59,050 [DEBUG] ...Periodic cleaning task...
2024-10-27 11:11:00,054 [DEBUG] ...Periodic cleaning task...
2024-10-27 11:11:01,057 [DEBUG] ...Periodic cleaning task...
2024-10-27 11:11:02,058 [DEBUG] ...Periodic cleaning task...
